SF:lib\main.dart
DA:7,0
DA:8,0
DA:12,2
DA:14,1
DA:24,1
DA:26,1
DA:27,1
DA:39,1
DA:41,1
DA:42,1
DA:45,1
DA:46,2
DA:47,0
DA:50,0
DA:51,0
DA:52,0
DA:53,0
DA:54,0
DA:55,0
DA:56,0
DA:57,0
DA:61,0
DA:62,0
DA:63,0
DA:67,0
DA:68,0
DA:69,0
DA:70,0
DA:73,0
DA:74,0
DA:75,0
DA:76,0
DA:77,0
DA:80,0
DA:81,0
DA:85,1
DA:87,1
DA:88,1
DA:92,1
DA:95,1
DA:96,1
DA:97,1
DA:98,2
DA:100,3
DA:101,1
DA:103,1
DA:105,1
DA:106,0
DA:107,0
DA:108,0
DA:115,1
DA:117,1
DA:123,1
DA:124,2
DA:131,1
DA:132,2
DA:133,1
DA:134,0
DA:135,1
DA:136,2
DA:138,1
DA:139,0
DA:141,0
DA:142,0
DA:144,0
DA:146,0
DA:151,0
DA:153,0
DA:154,0
DA:156,0
DA:158,0
DA:163,0
DA:166,0
LF:73
LH:32
end_of_record
